{"name": "test_userAccountCreate", "status": "failed", "statusDetails": {"message": "AssertionError", "trace": "self = <pages.userRegistrationScreen.CreateAccount object at 0x000002362D440970>\nlocatorValue = 'passwd ', locatorType = 'id'\n\n    def waitForElement(self, locatorValue, locatorType=\"id\"):\n        webElement = None\n        try:\n            locatorType = locatorType.lower()\n            locatorByType = self.getLocatorType(locatorType)\n            wait = WebDriverWait(self.driver, 35, poll_frequency=1,\n                                 ignored_exceptions=[ElementNotVisibleException, NoSuchElementException])\n>           webElement = wait.until(ec.presence_of_element_located((locatorByType, locatorValue)))\n\n..\\base\\basefile.py:73: \n_ _ _ _ _ _ _ _ _ _ _ _ _ _ _ _ _ _ _ _ _ _ _ _ _ _ _ _ _ _ _ _ _ _ _ _ _ _ _ _\n\nself = <selenium.webdriver.support.wait.WebDriverWait (session=\"f90a82fb619c818324d2693d3c91ea13\")>\nmethod = <function presence_of_element_located.<locals>._predicate at 0x000002362D44B910>\nmessage = ''\n\n    def until(self, method, message=''):\n        \"\"\"Calls the method provided with the driver as an argument until the \\\n        return value does not evaluate to ``False``.\n    \n        :param method: callable(WebDriver)\n        :param message: optional message for :exc:`TimeoutException`\n        :returns: the result of the last call to `method`\n        :raises: :exc:`selenium.common.exceptions.TimeoutException` if timeout occurs\n        \"\"\"\n        screen = None\n        stacktrace = None\n    \n        end_time = time.monotonic() + self._timeout\n        while True:\n            try:\n                value = method(self._driver)\n                if value:\n                    return value\n            except InvalidSelectorException as e:\n                raise e\n            except self._ignored_exceptions as exc:\n                screen = getattr(exc, 'screen', None)\n                stacktrace = getattr(exc, 'stacktrace', None)\n            time.sleep(self._poll)\n            if time.monotonic() > end_time:\n                break\n>       raise TimeoutException(message, screen, stacktrace)\nE       selenium.common.exceptions.TimeoutException: Message: \nE       Stacktrace:\nE       Backtrace:\nE       \tOrdinal0 [0x00405FD3+2187219]\nE       \tOrdinal0 [0x0039E6D1+1763025]\nE       \tOrdinal0 [0x002B3E78+802424]\nE       \tOrdinal0 [0x002E1C10+990224]\nE       \tOrdinal0 [0x002E1EAB+990891]\nE       \tOrdinal0 [0x0030EC92+1174674]\nE       \tOrdinal0 [0x002FCBD4+1100756]\nE       \tOrdinal0 [0x0030CFC2+1167298]\nE       \tOrdinal0 [0x002FC9A6+1100198]\nE       \tOrdinal0 [0x002D6F80+946048]\nE       \tOrdinal0 [0x002D7E76+949878]\nE       \tGetHandleVerifier [0x006A90C2+2721218]\nE       \tGetHandleVerifier [0x0069AAF0+2662384]\nE       \tGetHandleVerifier [0x0049137A+526458]\nE       \tGetHandleVerifier [0x00490416+522518]\nE       \tOrdinal0 [0x003A4EAB+1789611]\nE       \tOrdinal0 [0x003A97A8+1808296]\nE       \tOrdinal0 [0x003A9895+1808533]\nE       \tOrdinal0 [0x003B26C1+1844929]\nE       \tBaseThreadInitThunk [0x761DFA29+25]\nE       \tRtlGetAppContainerNamedObjectPath [0x77BB7A7E+286]\nE       \tRtlGetAppContainerNamedObjectPath [0x77BB7A4E+238]\n\nC:\\Users\\ajinkyas.shukla_info\\AppData\\Local\\Programs\\Python\\Python310\\lib\\site-packages\\selenium\\webdriver\\support\\wait.py:89: TimeoutException\n\nDuring handling of the above exception, another exception occurred:\n\nself = <pages.userRegistrationScreen.CreateAccount object at 0x000002362D440970>\ntext = '123456', locatorValue = 'passwd ', locatorType = 'id'\n\n    def sendText(self, text, locatorValue, locatorType=\"id\"):\n        try:\n            locatorType = locatorType.lower()\n>           webElement = self.waitForElement(locatorValue, locatorType)\n\n..\\base\\basefile.py:100: \n_ _ _ _ _ _ _ _ _ _ _ _ _ _ _ _ _ _ _ _ _ _ _ _ _ _ _ _ _ _ _ _ _ _ _ _ _ _ _ _\n\nself = <pages.userRegistrationScreen.CreateAccount object at 0x000002362D440970>\nlocatorValue = 'passwd ', locatorType = 'id'\n\n    def waitForElement(self, locatorValue, locatorType=\"id\"):\n        webElement = None\n        try:\n            locatorType = locatorType.lower()\n            locatorByType = self.getLocatorType(locatorType)\n            wait = WebDriverWait(self.driver, 35, poll_frequency=1,\n                                 ignored_exceptions=[ElementNotVisibleException, NoSuchElementException])\n            webElement = wait.until(ec.presence_of_element_located((locatorByType, locatorValue)))\n            self.log.info(\"WebElement found with locator value \" + locatorValue + \" using locatorType \" + locatorType)\n        except:\n            self.log.error(\n                \"WebElement not found with locator value \" + locatorValue + \" using locatorType \" + locatorType)\n            print_stack()\n            self.takeScreenshot(locatorType)\n>           assert False\nE           AssertionError\n\n..\\base\\basefile.py:80: AssertionError\n\nDuring handling of the above exception, another exception occurred:\n\nself = <test.CreateAccounttest.CreateAccountTest testMethod=test_userAccountCreate>\n\n    @pytest.mark.run(order=3)\n    def test_userAccountCreate(self):\n        cl.allureLogs(\"User Account Creation Started\")\n        self.ca.verifyCreateAccountPageLoaded()\n        time.sleep(6)\n        self.ca.selectGenderAsMale()\n        self.ca.enterFirstName()\n        self.ca.enterLastName()\n>       self.ca.enterPassword()\n\n..\\test\\CreateAccounttest.py:39: \n_ _ _ _ _ _ _ _ _ _ _ _ _ _ _ _ _ _ _ _ _ _ _ _ _ _ _ _ _ _ _ _ _ _ _ _ _ _ _ _\n..\\pages\\userRegistrationScreen.py:62: in enterPassword\n    self.sendText(\"123456\",self._enterPassword,)\n_ _ _ _ _ _ _ _ _ _ _ _ _ _ _ _ _ _ _ _ _ _ _ _ _ _ _ _ _ _ _ _ _ _ _ _ _ _ _ _\n\nself = <pages.userRegistrationScreen.CreateAccount object at 0x000002362D440970>\ntext = '123456', locatorValue = 'passwd ', locatorType = 'id'\n\n    def sendText(self, text, locatorValue, locatorType=\"id\"):\n        try:\n            locatorType = locatorType.lower()\n            webElement = self.waitForElement(locatorValue, locatorType)\n            webElement.send_keys(text)\n            self.log.info(\n                \"Sent the text \" + text + \" in WebElement with locator value \" + locatorValue + \" using locatorType \" + locatorType)\n        except:\n            self.log.error(\n                \"Unable to Sent the text \" + text + \" in WebElement with locator value \" + locatorValue + \"using locatorType \" + locatorType)\n            print_stack()\n            self.takeScreenshot(locatorType)\n>           assert False\nE           AssertionError\n\n..\\base\\basefile.py:109: AssertionError"}, "steps": [{"name": "User Account Creation Started", "status": "passed", "start": 1658812579608, "stop": 1658812579608}, {"name": "********Verified as Home Page is loaded and displayed******", "status": "passed", "start": 1658812581861, "stop": 1658812581861}, {"name": "********Verified as Home Page is loaded and displayed******", "status": "passed", "start": 1658812587915, "stop": 1658812587915}], "attachments": [{"name": "id", "source": "7a4f3af9-e336-4857-a0cb-97a65f4ec6f8-attachment.png", "type": "image/png"}, {"name": "id", "source": "3766b50d-89d3-4fa8-8a41-bc4131358b62-attachment.png", "type": "image/png"}, {"name": "id", "source": "99f2af98-e695-41bd-9467-53154edc6b0d-attachment.png", "type": "image/png"}, {"name": "log", "source": "fe218267-fa4f-4306-873c-6e9443a80898-attachment.txt", "type": "text/plain"}, {"name": "stdout", "source": "52b4fb9e-5759-4715-9745-c0e29f31441d-attachment.txt", "type": "text/plain"}, {"name": "stderr", "source": "5a6fccc1-f4fe-4a32-8722-b462b22e8951-attachment.txt", "type": "text/plain"}], "start": 1658812579608, "stop": 1658812624326, "uuid": "d5056dc4-cff7-423a-b4d1-aa824b69a57f", "historyId": "404e75022f5e24c1b43dc1c39af5a004", "testCaseId": "6b243b58d86420990eae2af8969b97b1", "fullName": "test.TestSuite.CreateAccountTest#test_userAccountCreate", "labels": [{"name": "tag", "value": "run(order=3)"}, {"name": "tag", "value": "@pytest.mark.usefixtures('beforeClass', 'beforeMethod')"}, {"name": "parentSuite", "value": "test"}, {"name": "suite", "value": "TestSuite"}, {"name": "subSuite", "value": "CreateAccountTest"}, {"name": "host", "value": "IB-SEZ-LAP-826"}, {"name": "thread", "value": "6776-MainThread"}, {"name": "framework", "value": "pytest"}, {"name": "language", "value": "cpython3"}, {"name": "package", "value": "test.TestSuite"}]}