{"name": "test_HomePage", "status": "failed", "statusDetails": {"message": "AssertionError", "trace": "self = <pages.userRegistrationScreen.CreateAccount object at 0x00000258AD6B0D60>\nlocatorValue = \"//input[@id='id_gender1']\", locatorType = 'xpath'\n\n    def waitForElement(self, locatorValue, locatorType=\"id\"):\n        webElement = None\n        try:\n            locatorType = locatorType.lower()\n            locatorByType = self.getLocatorType(locatorType)\n            wait = WebDriverWait(self.driver, 35, poll_frequency=1,\n                                 ignored_exceptions=[ElementNotVisibleException, NoSuchElementException])\n>           webElement = wait.until(ec.presence_of_element_located((locatorByType, locatorValue)))\n\n..\\base\\basefile.py:73: \n_ _ _ _ _ _ _ _ _ _ _ _ _ _ _ _ _ _ _ _ _ _ _ _ _ _ _ _ _ _ _ _ _ _ _ _ _ _ _ _\n\nself = <selenium.webdriver.support.wait.WebDriverWait (session=\"9fa531f933493acd2dd327bb8b48cbe2\")>\nmethod = <function presence_of_element_located.<locals>._predicate at 0x00000258AD665BD0>\nmessage = ''\n\n    def until(self, method, message=''):\n        \"\"\"Calls the method provided with the driver as an argument until the \\\n        return value does not evaluate to ``False``.\n    \n        :param method: callable(WebDriver)\n        :param message: optional message for :exc:`TimeoutException`\n        :returns: the result of the last call to `method`\n        :raises: :exc:`selenium.common.exceptions.TimeoutException` if timeout occurs\n        \"\"\"\n        screen = None\n        stacktrace = None\n    \n        end_time = time.monotonic() + self._timeout\n        while True:\n            try:\n                value = method(self._driver)\n                if value:\n                    return value\n            except InvalidSelectorException as e:\n                raise e\n            except self._ignored_exceptions as exc:\n                screen = getattr(exc, 'screen', None)\n                stacktrace = getattr(exc, 'stacktrace', None)\n            time.sleep(self._poll)\n            if time.monotonic() > end_time:\n                break\n>       raise TimeoutException(message, screen, stacktrace)\nE       selenium.common.exceptions.TimeoutException: Message: \nE       Stacktrace:\nE       Backtrace:\nE       \tOrdinal0 [0x01135FD3+2187219]\nE       \tOrdinal0 [0x010CE6D1+1763025]\nE       \tOrdinal0 [0x00FE3E78+802424]\nE       \tOrdinal0 [0x01011C10+990224]\nE       \tOrdinal0 [0x01011EAB+990891]\nE       \tOrdinal0 [0x0103EC92+1174674]\nE       \tOrdinal0 [0x0102CBD4+1100756]\nE       \tOrdinal0 [0x0103CFC2+1167298]\nE       \tOrdinal0 [0x0102C9A6+1100198]\nE       \tOrdinal0 [0x01006F80+946048]\nE       \tOrdinal0 [0x01007E76+949878]\nE       \tGetHandleVerifier [0x013D90C2+2721218]\nE       \tGetHandleVerifier [0x013CAAF0+2662384]\nE       \tGetHandleVerifier [0x011C137A+526458]\nE       \tGetHandleVerifier [0x011C0416+522518]\nE       \tOrdinal0 [0x010D4EAB+1789611]\nE       \tOrdinal0 [0x010D97A8+1808296]\nE       \tOrdinal0 [0x010D9895+1808533]\nE       \tOrdinal0 [0x010E26C1+1844929]\nE       \tBaseThreadInitThunk [0x761DFA29+25]\nE       \tRtlGetAppContainerNamedObjectPath [0x77BB7A7E+286]\nE       \tRtlGetAppContainerNamedObjectPath [0x77BB7A4E+238]\n\nC:\\Users\\ajinkyas.shukla_info\\AppData\\Local\\Programs\\Python\\Python310\\lib\\site-packages\\selenium\\webdriver\\support\\wait.py:89: TimeoutException\n\nDuring handling of the above exception, another exception occurred:\n\nself = <pages.userRegistrationScreen.CreateAccount object at 0x00000258AD6B0D60>\nlocatorValue = \"//input[@id='id_gender1']\", locatorType = 'xpath'\n\n    def clickOnElement(self, locatorValue, locatorType=\"id\"):\n        try:\n            locatorType = locatorType.lower()\n>           webElement = self.waitForElement(locatorValue, locatorType)\n\n..\\base\\basefile.py:86: \n_ _ _ _ _ _ _ _ _ _ _ _ _ _ _ _ _ _ _ _ _ _ _ _ _ _ _ _ _ _ _ _ _ _ _ _ _ _ _ _\n\nself = <pages.userRegistrationScreen.CreateAccount object at 0x00000258AD6B0D60>\nlocatorValue = \"//input[@id='id_gender1']\", locatorType = 'xpath'\n\n    def waitForElement(self, locatorValue, locatorType=\"id\"):\n        webElement = None\n        try:\n            locatorType = locatorType.lower()\n            locatorByType = self.getLocatorType(locatorType)\n            wait = WebDriverWait(self.driver, 35, poll_frequency=1,\n                                 ignored_exceptions=[ElementNotVisibleException, NoSuchElementException])\n            webElement = wait.until(ec.presence_of_element_located((locatorByType, locatorValue)))\n            self.log.info(\"WebElement found with locator value \" + locatorValue + \" using locatorType \" + locatorType)\n        except:\n            self.log.error(\n                \"WebElement not found with locator value \" + locatorValue + \" using locatorType \" + locatorType)\n            print_stack()\n            self.takeScreenshot(locatorType)\n>           assert False\nE           AssertionError\n\n..\\base\\basefile.py:80: AssertionError\n\nDuring handling of the above exception, another exception occurred:\n\nself = <test.test_CreateAccount.CreateAccountTest testMethod=test_HomePage>\n\n    @pytest.mark.run(order=3)\n    def test_HomePage(self):\n    \n        time.sleep(6)\n>       self.ca.selectGenderAsMale()\n\n..\\test\\test_CreateAccount.py:21: \n_ _ _ _ _ _ _ _ _ _ _ _ _ _ _ _ _ _ _ _ _ _ _ _ _ _ _ _ _ _ _ _ _ _ _ _ _ _ _ _\n..\\pages\\userRegistrationScreen.py:46: in selectGenderAsMale\n    self.clickOnElement(self._selectGenderMale, \"xpath\")\n_ _ _ _ _ _ _ _ _ _ _ _ _ _ _ _ _ _ _ _ _ _ _ _ _ _ _ _ _ _ _ _ _ _ _ _ _ _ _ _\n\nself = <pages.userRegistrationScreen.CreateAccount object at 0x00000258AD6B0D60>\nlocatorValue = \"//input[@id='id_gender1']\", locatorType = 'xpath'\n\n    def clickOnElement(self, locatorValue, locatorType=\"id\"):\n        try:\n            locatorType = locatorType.lower()\n            webElement = self.waitForElement(locatorValue, locatorType)\n            webElement.click()\n            self.log.info(\n                \"Clicked on WebElement with locator value \" + locatorValue + \" using locatorType \" + locatorType)\n        except:\n            self.log.error(\n                \"Unable to Click on WebElement with locator value \" + locatorValue + \" using locatorType \" + locatorType)\n            print_stack()\n            self.takeScreenshot(locatorType)\n>           assert False\nE           AssertionError\n\n..\\base\\basefile.py:95: AssertionError"}, "attachments": [{"name": "xpath", "source": "792942d1-7231-4ed6-82bf-87ec1e9f99e3-attachment.png", "type": "image/png"}, {"name": "xpath", "source": "38437a97-2465-415b-a6d4-aac05df6c7c3-attachment.png", "type": "image/png"}, {"name": "log", "source": "d5ec08ab-6531-40d6-915c-3d4451f8eb22-attachment.txt", "type": "text/plain"}, {"name": "stdout", "source": "1a92d22f-881b-4e17-ab1f-810803f001eb-attachment.txt", "type": "text/plain"}, {"name": "stderr", "source": "7beab65b-bf54-4a25-85e7-b682a58034d6-attachment.txt", "type": "text/plain"}], "start": 1658750963851, "stop": 1658751007903, "uuid": "e56f182f-bafb-4d41-86d8-e6fe864c840f", "historyId": "77f78eab712f981bb50e46733e8fec73", "testCaseId": "3037fab51320e1db5fbc2b9adf2e7d3c", "fullName": "test.TestSuite.CreateAccountTest#test_HomePage", "labels": [{"name": "tag", "value": "run(order=3)"}, {"name": "tag", "value": "@pytest.mark.usefixtures('beforeClass', 'beforeMethod')"}, {"name": "parentSuite", "value": "test"}, {"name": "suite", "value": "TestSuite"}, {"name": "subSuite", "value": "CreateAccountTest"}, {"name": "host", "value": "IB-SEZ-LAP-826"}, {"name": "thread", "value": "18660-MainThread"}, {"name": "framework", "value": "pytest"}, {"name": "language", "value": "cpython3"}, {"name": "package", "value": "test.TestSuite"}]}